2023-10-17 02:48:02.998 [info] [perf] Render performance baseline is 68ms
2023-10-17 02:53:13.702 [error] Cannot read properties of undefined (reading 'filter'): TypeError: Cannot read properties of undefined (reading 'filter')
	at Object.<anonymous> (/home/martin/.vscode-oss/extensions/bradlc.vscode-tailwindcss-0.10.0-universal/dist/extension.js:43:11904)
	at Generator.next (<anonymous>)
	at s (/home/martin/.vscode-oss/extensions/bradlc.vscode-tailwindcss-0.10.0-universal/dist/extension.js:1:1247)
2023-10-17 06:52:35.560 [error] Error: file:///home/martin/dev/projects/frontend/boids/src/app/boids.tsx has changed in the meantime
    at u.q (vscode-file://vscode-app/usr/lib/code/out/vs/workbench/workbench.desktop.main.js:778:2696)
    at u.apply (vscode-file://vscode-app/usr/lib/code/out/vs/workbench/workbench.desktop.main.js:778:3555)
    at m.o (vscode-file://vscode-app/usr/lib/code/out/vs/workbench/workbench.desktop.main.js:2349:22979)
    at m.perform (vscode-file://vscode-app/usr/lib/code/out/vs/workbench/workbench.desktop.main.js:2349:22444)
    at a.apply (vscode-file://vscode-app/usr/lib/code/out/vs/workbench/workbench.desktop.main.js:2349:24193)
    at y.$tryApplyWorkspaceEdit (vscode-file://vscode-app/usr/lib/code/out/vs/workbench/workbench.desktop.main.js:1560:12348)
    at m.S (vscode-file://vscode-app/usr/lib/code/out/vs/workbench/workbench.desktop.main.js:1551:18856)
    at m.Q (vscode-file://vscode-app/usr/lib/code/out/vs/workbench/workbench.desktop.main.js:1551:18622)
    at m.M (vscode-file://vscode-app/usr/lib/code/out/vs/workbench/workbench.desktop.main.js:1551:17715)
    at m.L (vscode-file://vscode-app/usr/lib/code/out/vs/workbench/workbench.desktop.main.js:1551:16933)
    at u.value (vscode-file://vscode-app/usr/lib/code/out/vs/workbench/workbench.desktop.main.js:1551:15597)
    at c.z (vscode-file://vscode-app/usr/lib/code/out/vs/workbench/workbench.desktop.main.js:87:1902)
    at c.fire (vscode-file://vscode-app/usr/lib/code/out/vs/workbench/workbench.desktop.main.js:87:2119)
    at r.fire (vscode-file://vscode-app/usr/lib/code/out/vs/workbench/workbench.desktop.main.js:616:14393)
    at Y.onmessage (vscode-file://vscode-app/usr/lib/code/out/vs/workbench/workbench.desktop.main.js:1652:1077)
2023-10-17 06:52:35.561 [warning] IGNORING workspace edit: Error: file:///home/martin/dev/projects/frontend/boids/src/app/boids.tsx has changed in the meantime
2023-10-17 06:52:36.838 [error] Error: file:///home/martin/dev/projects/frontend/boids/src/app/boids.tsx has changed in the meantime
    at u.q (vscode-file://vscode-app/usr/lib/code/out/vs/workbench/workbench.desktop.main.js:778:2696)
    at u.apply (vscode-file://vscode-app/usr/lib/code/out/vs/workbench/workbench.desktop.main.js:778:3555)
    at m.o (vscode-file://vscode-app/usr/lib/code/out/vs/workbench/workbench.desktop.main.js:2349:22979)
    at m.perform (vscode-file://vscode-app/usr/lib/code/out/vs/workbench/workbench.desktop.main.js:2349:22444)
    at a.apply (vscode-file://vscode-app/usr/lib/code/out/vs/workbench/workbench.desktop.main.js:2349:24193)
    at y.$tryApplyWorkspaceEdit (vscode-file://vscode-app/usr/lib/code/out/vs/workbench/workbench.desktop.main.js:1560:12348)
    at m.S (vscode-file://vscode-app/usr/lib/code/out/vs/workbench/workbench.desktop.main.js:1551:18856)
    at m.Q (vscode-file://vscode-app/usr/lib/code/out/vs/workbench/workbench.desktop.main.js:1551:18622)
    at m.M (vscode-file://vscode-app/usr/lib/code/out/vs/workbench/workbench.desktop.main.js:1551:17715)
    at m.L (vscode-file://vscode-app/usr/lib/code/out/vs/workbench/workbench.desktop.main.js:1551:16933)
    at u.value (vscode-file://vscode-app/usr/lib/code/out/vs/workbench/workbench.desktop.main.js:1551:15597)
    at c.z (vscode-file://vscode-app/usr/lib/code/out/vs/workbench/workbench.desktop.main.js:87:1902)
    at c.fire (vscode-file://vscode-app/usr/lib/code/out/vs/workbench/workbench.desktop.main.js:87:2119)
    at r.fire (vscode-file://vscode-app/usr/lib/code/out/vs/workbench/workbench.desktop.main.js:616:14393)
    at Y.onmessage (vscode-file://vscode-app/usr/lib/code/out/vs/workbench/workbench.desktop.main.js:1652:1077)
2023-10-17 06:52:36.838 [warning] IGNORING workspace edit: Error: file:///home/martin/dev/projects/frontend/boids/src/app/boids.tsx has changed in the meantime
